{"/home/majortom/ptolemy-reproject/src/coordsConverter.js": {"path":"/home/majortom/ptolemy-reproject/src/coordsConverter.js","statementMap":{"0":{"start":{"line":1,"column":14},"end":{"line":1,"column":30}},"1":{"start":{"line":2,"column":17},"end":{"line":2,"column":38}},"2":{"start":{"line":4,"column":16},"end":{"line":7,"column":1}},"3":{"start":{"line":5,"column":20},"end":{"line":5,"column":65}},"4":{"start":{"line":6,"column":2},"end":{"line":6,"column":19}},"5":{"start":{"line":9,"column":0},"end":{"line":13,"column":2}},"6":{"start":{"line":10,"column":24},"end":{"line":10,"column":42}},"7":{"start":{"line":11,"column":20},"end":{"line":11,"column":34}},"8":{"start":{"line":12,"column":2},"end":{"line":12,"column":53}}},"fnMap":{"0":{"name":"(anonymous_0)","decl":{"start":{"line":4,"column":16},"end":{"line":4,"column":17}},"loc":{"start":{"line":4,"column":23},"end":{"line":7,"column":1}},"line":4},"1":{"name":"(anonymous_1)","decl":{"start":{"line":9,"column":17},"end":{"line":9,"column":18}},"loc":{"start":{"line":9,"column":51},"end":{"line":13,"column":1}},"line":9}},"branchMap":{"0":{"loc":{"start":{"line":5,"column":20},"end":{"line":5,"column":65}},"type":"cond-expr","locations":[{"start":{"line":5,"column":46},"end":{"line":5,"column":59}},{"start":{"line":5,"column":62},"end":{"line":5,"column":65}}],"line":5}},"s":{"0":2,"1":2,"2":2,"3":68,"4":68,"5":2,"6":34,"7":34,"8":34},"f":{"0":68,"1":34},"b":{"0":[66,2]},"_coverageSchema":"332fd63041d2c1bcb487cc26dd0d5f7d97098a6c","hash":"d8271b84bc2ee1eb62833625a274c12aa9fa1609"}
,"/home/majortom/ptolemy-reproject/src/main.js": {"path":"/home/majortom/ptolemy-reproject/src/main.js","statementMap":{"0":{"start":{"line":1,"column":24},"end":{"line":1,"column":52}},"1":{"start":{"line":3,"column":14},"end":{"line":3,"column":95}},"2":{"start":{"line":3,"column":49},"end":{"line":3,"column":95}},"3":{"start":{"line":5,"column":19},"end":{"line":6,"column":85}},"4":{"start":{"line":6,"column":2},"end":{"line":6,"column":85}},"5":{"start":{"line":6,"column":38},"end":{"line":6,"column":84}},"6":{"start":{"line":8,"column":19},"end":{"line":8,"column":93}},"7":{"start":{"line":8,"column":53},"end":{"line":8,"column":93}},"8":{"start":{"line":10,"column":24},"end":{"line":11,"column":77}},"9":{"start":{"line":11,"column":2},"end":{"line":11,"column":77}},"10":{"start":{"line":11,"column":36},"end":{"line":11,"column":76}},"11":{"start":{"line":13,"column":16},"end":{"line":14,"column":75}},"12":{"start":{"line":14,"column":2},"end":{"line":14,"column":75}},"13":{"start":{"line":14,"column":34},"end":{"line":14,"column":74}},"14":{"start":{"line":16,"column":21},"end":{"line":17,"column":65}},"15":{"start":{"line":17,"column":2},"end":{"line":17,"column":65}},"16":{"start":{"line":17,"column":33},"end":{"line":17,"column":64}},"17":{"start":{"line":19,"column":0},"end":{"line":19,"column":22}},"18":{"start":{"line":20,"column":0},"end":{"line":20,"column":32}},"19":{"start":{"line":21,"column":0},"end":{"line":21,"column":32}},"20":{"start":{"line":22,"column":0},"end":{"line":22,"column":42}},"21":{"start":{"line":23,"column":0},"end":{"line":23,"column":26}},"22":{"start":{"line":24,"column":0},"end":{"line":24,"column":36}}},"fnMap":{"0":{"name":"(anonymous_0)","decl":{"start":{"line":3,"column":14},"end":{"line":3,"column":15}},"loc":{"start":{"line":3,"column":49},"end":{"line":3,"column":95}},"line":3},"1":{"name":"(anonymous_1)","decl":{"start":{"line":5,"column":19},"end":{"line":5,"column":20}},"loc":{"start":{"line":6,"column":2},"end":{"line":6,"column":85}},"line":6},"2":{"name":"(anonymous_2)","decl":{"start":{"line":6,"column":23},"end":{"line":6,"column":24}},"loc":{"start":{"line":6,"column":38},"end":{"line":6,"column":84}},"line":6},"3":{"name":"(anonymous_3)","decl":{"start":{"line":8,"column":19},"end":{"line":8,"column":20}},"loc":{"start":{"line":8,"column":53},"end":{"line":8,"column":93}},"line":8},"4":{"name":"(anonymous_4)","decl":{"start":{"line":10,"column":24},"end":{"line":10,"column":25}},"loc":{"start":{"line":11,"column":2},"end":{"line":11,"column":77}},"line":11},"5":{"name":"(anonymous_5)","decl":{"start":{"line":11,"column":22},"end":{"line":11,"column":23}},"loc":{"start":{"line":11,"column":36},"end":{"line":11,"column":76}},"line":11},"6":{"name":"(anonymous_6)","decl":{"start":{"line":13,"column":16},"end":{"line":13,"column":17}},"loc":{"start":{"line":14,"column":2},"end":{"line":14,"column":75}},"line":14},"7":{"name":"(anonymous_7)","decl":{"start":{"line":14,"column":20},"end":{"line":14,"column":21}},"loc":{"start":{"line":14,"column":34},"end":{"line":14,"column":74}},"line":14},"8":{"name":"(anonymous_8)","decl":{"start":{"line":16,"column":21},"end":{"line":16,"column":22}},"loc":{"start":{"line":17,"column":2},"end":{"line":17,"column":65}},"line":17},"9":{"name":"(anonymous_9)","decl":{"start":{"line":17,"column":25},"end":{"line":17,"column":26}},"loc":{"start":{"line":17,"column":33},"end":{"line":17,"column":64}},"line":17}},"branchMap":{},"s":{"0":1,"1":1,"2":1,"3":1,"4":7,"5":29,"6":1,"7":4,"8":1,"9":1,"10":2,"11":1,"12":3,"13":3,"14":1,"15":1,"16":2,"17":1,"18":1,"19":1,"20":1,"21":1,"22":1},"f":{"0":1,"1":7,"2":29,"3":4,"4":1,"5":2,"6":3,"7":3,"8":1,"9":2},"b":{},"_coverageSchema":"332fd63041d2c1bcb487cc26dd0d5f7d97098a6c","hash":"4c8c2d0be411e868bc8feb35db6232b75fde83c7"}
}
