TN:
SF:/home/majortom/ptolemy-reproject/src/coordsConverter.js
FN:4,(anonymous_0)
FN:9,(anonymous_1)
FNF:2
FNH:2
FNDA:68,(anonymous_0)
FNDA:34,(anonymous_1)
DA:1,2
DA:2,2
DA:4,2
DA:5,68
DA:6,68
DA:9,2
DA:10,34
DA:11,34
DA:12,34
LF:9
LH:9
BRDA:5,0,0,66
BRDA:5,0,1,2
BRF:2
BRH:2
end_of_record
TN:
SF:/home/majortom/ptolemy-reproject/src/main.js
FN:3,(anonymous_0)
FN:5,(anonymous_1)
FN:6,(anonymous_2)
FN:8,(anonymous_3)
FN:10,(anonymous_4)
FN:11,(anonymous_5)
FN:13,(anonymous_6)
FN:14,(anonymous_7)
FN:16,(anonymous_8)
FN:17,(anonymous_9)
FNF:10
FNH:10
FNDA:1,(anonymous_0)
FNDA:7,(anonymous_1)
FNDA:29,(anonymous_2)
FNDA:4,(anonymous_3)
FNDA:1,(anonymous_4)
FNDA:2,(anonymous_5)
FNDA:3,(anonymous_6)
FNDA:3,(anonymous_7)
FNDA:1,(anonymous_8)
FNDA:2,(anonymous_9)
DA:1,1
DA:3,1
DA:5,1
DA:6,29
DA:8,4
DA:10,1
DA:11,2
DA:13,1
DA:14,3
DA:16,1
DA:17,2
DA:19,1
DA:20,1
DA:21,1
DA:22,1
DA:23,1
DA:24,1
LF:17
LH:17
BRF:0
BRH:0
end_of_record
